<?xml version="1.0" encoding="UTF-8"?>
<!-- Generated by org.testng.reporters.JUnitXMLReporter -->
<testsuite hostname="INLT1471" ignored="0" name="Test" tests="5" failures="0" timestamp="2020-08-28T14:36:09 IST" time="58.262" errors="0">
  <testcase name="@BeforeMethod launchApplication" time="22.496" classname="com.blazedemo.testCases.TestRunner">
    <failure type="org.openqa.selenium.WebDriverException" message="Timed out waiting for driver server to start.
Build info: version: &amp;apos;3.141.59&amp;apos;, revision: &amp;apos;e82be7d358&amp;apos;, time: &amp;apos;2018-11-14T08:17:03&amp;apos;
System info: host: &amp;apos;INLT1471&amp;apos;, ip: &amp;apos;192.168.43.113&amp;apos;, os.name: &amp;apos;Windows 10&amp;apos;, os.arch: &amp;apos;amd64&amp;apos;, os.version: &amp;apos;10.0&amp;apos;, java.version: &amp;apos;1.8.0_202&amp;apos;
Driver info: driver.version: ChromeDriver">
      <![CDATA[org.openqa.selenium.WebDriverException: Timed out waiting for driver server to start.
Build info: version: '3.141.59', revision: 'e82be7d358', time: '2018-11-14T08:17:03'
System info: host: 'INLT1471', ip: '192.168.43.113', os.name: 'Windows 10', os.arch: 'amd64', os.version: '10.0', java.version: '1.8.0_202'
Driver info: driver.version: ChromeDriver
at org.openqa.selenium.remote.service.DriverService.waitUntilAvailable(DriverService.java:202)
at org.openqa.selenium.remote.service.DriverService.start(DriverService.java:188)
at org.openqa.selenium.remote.service.DriverCommandExecutor.execute(DriverCommandExecutor.java:79)
at org.openqa.selenium.remote.RemoteWebDriver.execute(RemoteWebDriver.java:552)
at org.openqa.selenium.remote.RemoteWebDriver.startSession(RemoteWebDriver.java:213)
at org.openqa.selenium.remote.RemoteWebDriver.<init>(RemoteWebDriver.java:131)
at org.openqa.selenium.chrome.ChromeDriver.<init>(ChromeDriver.java:181)
at org.openqa.selenium.chrome.ChromeDriver.<init>(ChromeDriver.java:168)
at org.openqa.selenium.chrome.ChromeDriver.<init>(ChromeDriver.java:157)
at com.blazedemo.testCases.TestRunner.launchApplication(TestRunner.java:46)
at java.util.ArrayList.forEach(Unknown Source)
Caused by: org.openqa.selenium.net.UrlChecker$TimeoutException: Timed out waiting for [http://localhost:37497/status] to be available after 20279 ms
at org.openqa.selenium.net.UrlChecker.waitUntilAvailable(UrlChecker.java:100)
at org.openqa.selenium.remote.service.DriverService.waitUntilAvailable(DriverService.java:197)
... 41 more
Caused by: java.util.concurrent.TimeoutException
at java.util.concurrent.FutureTask.get(Unknown Source)
at com.google.common.util.concurrent.SimpleTimeLimiter.callWithTimeout(SimpleTimeLimiter.java:156)
at org.openqa.selenium.net.UrlChecker.waitUntilAvailable(UrlChecker.java:75)
... 42 more
... Removed 31 stack frames]]>
    </failure>
  </testcase> <!-- @BeforeMethod launchApplication -->
  <testcase name="@AfterMethod closeBrowser" time="-1.598605532746E9" classname="com.blazedemo.testCases.TestRunner">
    <skipped/>
  </testcase> <!-- @AfterMethod closeBrowser -->
  <testcase name="@BeforeMethod launchApplication" time="-1.598605532756E9" classname="com.blazedemo.testCases.TestRunner">
    <skipped/>
  </testcase> <!-- @BeforeMethod launchApplication -->
  <testcase name="@AfterMethod closeBrowser" time="-1.598605532786E9" classname="com.blazedemo.testCases.TestRunner">
    <skipped/>
  </testcase> <!-- @AfterMethod closeBrowser -->
  <testcase name="ValidateBookingId" time="0.0" classname="com.blazedemo.testCases.TestRunner">
    <skipped/>
  </testcase> <!-- ValidateBookingId -->
  <testcase name="ValidatePlacesEntered" time="0.0" classname="com.blazedemo.testCases.TestRunner">
    <skipped/>
  </testcase> <!-- ValidatePlacesEntered -->
  <testcase name="getResponse" time="16.31" classname="com.spacex.apiTesting.SpaceXAPITesting"/>
  <testcase name="validateResponseHeader" time="0.936" classname="com.spacex.apiTesting.SpaceXAPITesting"/>
  <testcase name="verifyInvalidEndPoint" time="1.976" classname="com.spacex.apiTesting.SpaceXAPITesting"/>
</testsuite> <!-- Test -->
